{
  "RSpec": {
    "coverage": {
      "/home/ha.hong.son@sun-asterisk.com/Documents/Intern/Project1_rails/project1-ruby25-daily-report/app/controllers/user/daily_reports_controller.rb": {
        "lines": [
          1,
          1,
          1,
          1,
          1,
          1,
          null,
          1,
          3,
          null,
          null,
          1,
          9,
          null,
          9,
          5,
          null,
          5,
          5,
          null,
          4,
          4,
          null,
          null,
          null,
          1,
          4,
          null,
          null,
          null,
          null,
          null,
          1,
          null,
          1,
          null,
          1,
          6,
          3,
          3,
          null,
          3,
          3,
          null,
          null,
          null,
          1,
          8,
          4,
          4,
          null,
          4,
          null,
          null,
          8,
          null,
          null,
          1,
          null,
          1,
          15,
          null,
          null,
          1,
          25,
          25,
          null,
          2,
          2,
          null,
          null,
          1,
          14,
          null,
          null,
          null,
          null,
          null,
          1,
          2,
          null,
          2,
          2,
          null,
          null,
          1,
          2,
          null,
          2,
          2,
          null,
          null
        ]
      },
      "/home/ha.hong.son@sun-asterisk.com/Documents/Intern/Project1_rails/project1-ruby25-daily-report/app/controllers/application_controller.rb": {
        "lines": [
          1,
          1,
          1,
          null,
          1,
          null,
          1,
          1,
          43,
          43,
          0,
          null,
          43,
          null,
          null,
          null,
          1,
          22,
          null,
          null,
          1,
          0,
          null,
          null,
          1,
          0,
          0,
          0,
          null,
          null,
          1,
          0,
          null,
          0,
          0,
          null,
          null,
          1,
          0,
          null,
          0,
          0,
          null,
          null,
          1,
          0,
          null,
          0,
          0,
          null,
          null
        ]
      },
      "/home/ha.hong.son@sun-asterisk.com/Documents/Intern/Project1_rails/project1-ruby25-daily-report/app/mailers/daily_report_mailer.rb": {
        "lines": [
          1,
          1,
          null,
          1,
          0,
          0,
          0,
          null,
          0,
          null,
          null,
          null,
          null,
          null,
          null,
          null
        ]
      },
      "/home/ha.hong.son@sun-asterisk.com/Documents/Intern/Project1_rails/project1-ruby25-daily-report/app/mailers/application_mailer.rb": {
        "lines": [
          1,
          1,
          1,
          null
        ]
      },
      "/home/ha.hong.son@sun-asterisk.com/Documents/Intern/Project1_rails/project1-ruby25-daily-report/app/models/department.rb": {
        "lines": [
          1,
          1,
          null,
          1,
          1,
          null,
          1,
          1,
          null,
          null,
          null,
          1,
          null,
          1,
          1,
          1,
          0,
          null,
          1,
          1,
          null
        ]
      },
      "/home/ha.hong.son@sun-asterisk.com/Documents/Intern/Project1_rails/project1-ruby25-daily-report/app/channels/application_cable/channel.rb": {
        "lines": [
          0,
          0,
          0,
          0
        ],
        "branches": {
        }
      },
      "/home/ha.hong.son@sun-asterisk.com/Documents/Intern/Project1_rails/project1-ruby25-daily-report/app/channels/application_cable/connection.rb": {
        "lines": [
          0,
          0,
          0,
          0
        ],
        "branches": {
        }
      },
      "/home/ha.hong.son@sun-asterisk.com/Documents/Intern/Project1_rails/project1-ruby25-daily-report/app/controllers/admin/dashboard_controller.rb": {
        "lines": [
          0,
          0,
          null,
          0,
          0,
          0,
          0,
          0,
          0
        ],
        "branches": {
        }
      },
      "/home/ha.hong.son@sun-asterisk.com/Documents/Intern/Project1_rails/project1-ruby25-daily-report/app/controllers/admin/departments_controller.rb": {
        "lines": [
          0,
          0,
          0,
          0,
          0,
          null,
          0,
          0,
          0,
          null,
          0,
          0,
          0,
          null,
          0,
          0,
          0,
          0,
          0,
          0,
          0,
          0,
          0,
          null,
          0,
          null,
          0,
          0,
          0,
          0,
          0,
          0,
          0,
          0,
          null,
          0,
          null,
          0,
          0,
          0,
          0,
          0,
          0,
          0,
          0,
          null,
          0,
          null,
          0,
          0,
          0,
          null,
          0,
          0,
          0,
          null,
          0,
          0,
          0,
          null,
          0,
          0,
          null,
          0,
          0,
          0,
          null,
          0,
          0,
          0,
          0,
          null,
          0,
          0,
          0,
          0
        ],
        "branches": {
        }
      },
      "/home/ha.hong.son@sun-asterisk.com/Documents/Intern/Project1_rails/project1-ruby25-daily-report/app/controllers/admin/users_controller.rb": {
        "lines": [
          0,
          0,
          0,
          0,
          null,
          0,
          0,
          0,
          null,
          0,
          0,
          0,
          null,
          0,
          0,
          0,
          0,
          0,
          0,
          0,
          0,
          0,
          null,
          0,
          null,
          0,
          0,
          0,
          null,
          0,
          0,
          0,
          null,
          0,
          0,
          0,
          null,
          0,
          0,
          0,
          0,
          0,
          null,
          0,
          0,
          0,
          0
        ],
        "branches": {
        }
      },
      "/home/ha.hong.son@sun-asterisk.com/Documents/Intern/Project1_rails/project1-ruby25-daily-report/app/controllers/manager/daily_reports_controller.rb": {
        "lines": [
          0,
          0,
          0,
          0,
          null,
          0,
          0,
          0,
          0,
          0,
          0,
          null,
          0,
          null,
          0,
          0,
          0,
          0,
          0,
          0,
          0,
          0,
          0,
          null,
          0,
          null,
          0,
          0,
          0,
          0,
          0,
          0,
          0,
          0,
          0,
          null,
          0,
          0,
          0,
          null,
          0,
          0,
          0,
          null,
          0,
          0,
          0,
          null,
          0,
          0,
          0,
          0,
          0,
          0,
          null,
          0,
          0,
          0,
          0,
          0,
          0,
          0,
          0,
          0,
          0,
          0,
          0
        ],
        "branches": {
        }
      },
      "/home/ha.hong.son@sun-asterisk.com/Documents/Intern/Project1_rails/project1-ruby25-daily-report/app/controllers/manager/dashboard_controller.rb": {
        "lines": [
          0,
          0,
          null,
          0,
          0,
          0,
          0,
          0,
          0
        ],
        "branches": {
        }
      },
      "/home/ha.hong.son@sun-asterisk.com/Documents/Intern/Project1_rails/project1-ruby25-daily-report/app/controllers/manager/departments_controller.rb": {
        "lines": [
          0,
          0,
          0,
          0,
          null,
          0,
          0,
          0,
          null,
          0,
          null,
          0,
          null,
          0,
          0,
          0,
          null,
          0,
          0,
          0,
          null,
          0,
          0,
          0,
          0,
          0,
          null,
          0,
          0,
          0,
          0
        ],
        "branches": {
        }
      },
      "/home/ha.hong.son@sun-asterisk.com/Documents/Intern/Project1_rails/project1-ruby25-daily-report/app/controllers/manager/users_controller.rb": {
        "lines": [
          0,
          0,
          0,
          0,
          0,
          null,
          0,
          0,
          0,
          null,
          0,
          null,
          0,
          0,
          0,
          0,
          0,
          0,
          0,
          0,
          0,
          0,
          0,
          0,
          null,
          0,
          null,
          0,
          0,
          0,
          0,
          0,
          0,
          0,
          0,
          null,
          0,
          null,
          0,
          0,
          0,
          null,
          0,
          0,
          0,
          null,
          0,
          0,
          0,
          null,
          0,
          0,
          0,
          0,
          0,
          0,
          null,
          0,
          0,
          0,
          null,
          0,
          0,
          0,
          null,
          0,
          0,
          0,
          0
        ],
        "branches": {
        }
      },
      "/home/ha.hong.son@sun-asterisk.com/Documents/Intern/Project1_rails/project1-ruby25-daily-report/app/controllers/sessions_controller.rb": {
        "lines": [
          0,
          0,
          0,
          null,
          0,
          null,
          0,
          0,
          0,
          0,
          0,
          0,
          0,
          null,
          0,
          0,
          0,
          null,
          0,
          0,
          null,
          0,
          null,
          0,
          0,
          0,
          null,
          0,
          0,
          0,
          null,
          0,
          0,
          0,
          0,
          0,
          0,
          0,
          null,
          0,
          0,
          0,
          0,
          0,
          0,
          0,
          null,
          0,
          0,
          0,
          0,
          0
        ],
        "branches": {
        }
      },
      "/home/ha.hong.son@sun-asterisk.com/Documents/Intern/Project1_rails/project1-ruby25-daily-report/app/controllers/static_pages_controller.rb": {
        "lines": [
          0,
          0,
          null,
          0,
          0
        ],
        "branches": {
        }
      },
      "/home/ha.hong.son@sun-asterisk.com/Documents/Intern/Project1_rails/project1-ruby25-daily-report/app/controllers/user/dashboard_controller.rb": {
        "lines": [
          0,
          0,
          null,
          0,
          0,
          0,
          0
        ],
        "branches": {
        }
      },
      "/home/ha.hong.son@sun-asterisk.com/Documents/Intern/Project1_rails/project1-ruby25-daily-report/app/helpers/admin/departments_helper.rb": {
        "lines": [
          0,
          0,
          0,
          0,
          0,
          0,
          0,
          0,
          0,
          0,
          0,
          0,
          0,
          0,
          0,
          0,
          0,
          0,
          0,
          0,
          0,
          0,
          0,
          0,
          0,
          0,
          0,
          0,
          0
        ],
        "branches": {
        }
      },
      "/home/ha.hong.son@sun-asterisk.com/Documents/Intern/Project1_rails/project1-ruby25-daily-report/app/helpers/application_helper.rb": {
        "lines": [
          0,
          0,
          null,
          0,
          0,
          0,
          0
        ],
        "branches": {
        }
      },
      "/home/ha.hong.son@sun-asterisk.com/Documents/Intern/Project1_rails/project1-ruby25-daily-report/app/helpers/manager/daily_reports_helper.rb": {
        "lines": [
          0,
          0,
          0,
          0,
          0,
          0,
          0,
          0,
          0,
          0,
          0,
          0,
          0
        ],
        "branches": {
        }
      },
      "/home/ha.hong.son@sun-asterisk.com/Documents/Intern/Project1_rails/project1-ruby25-daily-report/app/helpers/manager/departments_helper.rb": {
        "lines": [
          0,
          0,
          0,
          0,
          0,
          0,
          0,
          0,
          0,
          0,
          0,
          0,
          0
        ],
        "branches": {
        }
      },
      "/home/ha.hong.son@sun-asterisk.com/Documents/Intern/Project1_rails/project1-ruby25-daily-report/app/helpers/manager/users_helper.rb": {
        "lines": [
          0,
          0,
          0,
          0,
          0,
          0,
          0,
          0,
          0,
          0,
          0,
          0,
          0,
          0,
          0,
          0,
          0,
          0,
          0,
          0,
          0,
          0,
          0
        ],
        "branches": {
        }
      },
      "/home/ha.hong.son@sun-asterisk.com/Documents/Intern/Project1_rails/project1-ruby25-daily-report/app/helpers/navigation_helper.rb": {
        "lines": [
          0,
          0,
          0,
          0,
          0,
          null,
          0,
          null,
          0,
          0,
          0,
          0,
          0,
          null,
          0,
          0,
          0,
          null,
          0,
          0,
          0,
          0,
          0,
          0,
          0,
          0,
          null,
          0,
          0,
          0,
          0,
          0,
          0,
          0,
          0,
          0,
          0,
          0,
          0,
          0,
          0,
          0,
          0,
          0,
          0,
          0,
          0,
          0,
          0,
          0,
          0,
          0,
          0,
          0,
          0,
          0,
          0,
          0,
          0,
          0,
          0,
          0,
          0,
          0,
          0,
          0,
          0,
          0,
          0,
          0,
          0,
          0,
          0,
          0,
          0,
          0,
          0,
          0,
          0,
          0,
          0,
          0,
          0,
          0,
          0,
          0,
          0,
          0,
          0,
          0,
          0,
          0,
          0,
          0,
          0,
          0,
          0,
          0
        ],
        "branches": {
        }
      },
      "/home/ha.hong.son@sun-asterisk.com/Documents/Intern/Project1_rails/project1-ruby25-daily-report/app/helpers/sessions_helper.rb": {
        "lines": [
          0,
          0,
          0,
          0,
          0,
          null,
          0,
          0,
          0,
          0,
          0,
          0,
          0,
          0,
          0,
          0,
          0,
          0,
          0,
          0,
          null,
          0,
          0,
          0,
          null,
          0,
          0,
          0,
          0,
          null,
          0,
          0,
          0,
          0,
          0,
          null,
          0,
          0,
          0,
          0,
          0,
          null,
          0,
          0,
          0,
          null,
          0,
          0,
          0,
          0
        ],
        "branches": {
        }
      },
      "/home/ha.hong.son@sun-asterisk.com/Documents/Intern/Project1_rails/project1-ruby25-daily-report/app/helpers/user/daily_reports_helper.rb": {
        "lines": [
          0,
          0,
          0,
          0,
          0,
          0,
          0,
          0,
          0,
          0,
          0,
          null,
          0,
          0,
          0,
          0,
          0,
          null,
          0,
          0,
          0,
          null,
          0,
          null,
          0,
          0,
          0,
          0,
          0,
          0,
          0,
          0,
          0,
          null,
          0,
          0,
          null,
          0,
          0,
          0,
          0,
          0,
          0,
          0,
          0,
          null,
          0,
          0,
          null,
          0,
          0,
          0,
          0,
          0,
          0,
          0,
          0,
          0,
          0,
          0,
          0,
          null,
          0,
          0,
          0,
          0,
          0,
          0,
          0,
          0,
          0,
          0,
          0,
          0,
          0,
          0,
          0,
          0,
          0,
          0,
          null,
          0,
          0,
          0,
          0,
          0,
          null,
          0,
          0,
          0,
          0,
          0,
          0,
          0,
          0,
          null,
          0,
          0,
          0,
          0,
          0,
          0,
          0,
          0,
          0,
          0,
          0,
          0
        ],
        "branches": {
        }
      },
      "/home/ha.hong.son@sun-asterisk.com/Documents/Intern/Project1_rails/project1-ruby25-daily-report/app/helpers/user_helper.rb": {
        "lines": [
          0,
          0,
          0,
          0,
          0,
          0,
          0,
          0,
          null,
          0,
          0,
          0,
          0,
          0,
          0,
          0,
          0,
          null,
          0,
          0,
          0,
          0,
          0
        ],
        "branches": {
        }
      },
      "/home/ha.hong.son@sun-asterisk.com/Documents/Intern/Project1_rails/project1-ruby25-daily-report/app/jobs/application_job.rb": {
        "lines": [
          0,
          0
        ],
        "branches": {
        }
      },
      "/home/ha.hong.son@sun-asterisk.com/Documents/Intern/Project1_rails/project1-ruby25-daily-report/app/models/application_record.rb": {
        "lines": [
          0,
          0,
          0
        ],
        "branches": {
        }
      },
      "/home/ha.hong.son@sun-asterisk.com/Documents/Intern/Project1_rails/project1-ruby25-daily-report/app/models/daily_report.rb": {
        "lines": [
          0,
          0,
          0,
          null,
          0,
          null,
          0,
          0,
          0,
          0,
          0,
          null,
          0,
          0,
          0,
          0,
          0,
          null,
          0,
          0,
          0,
          0,
          0,
          0,
          0,
          0,
          0,
          0,
          0,
          0,
          0,
          0,
          0,
          0,
          0,
          0,
          0,
          0,
          0,
          0,
          0,
          null,
          0,
          null,
          0,
          0,
          null,
          0,
          0,
          null,
          0,
          null,
          0,
          0,
          0,
          0,
          0,
          0,
          0
        ],
        "branches": {
        }
      },
      "/home/ha.hong.son@sun-asterisk.com/Documents/Intern/Project1_rails/project1-ruby25-daily-report/app/models/user.rb": {
        "lines": [
          0,
          0,
          null,
          0,
          0,
          0,
          0,
          0,
          0,
          0,
          0,
          0,
          null,
          0,
          0,
          0,
          null,
          0,
          0,
          0,
          0,
          0,
          null,
          0,
          0,
          0,
          0,
          0,
          0,
          0,
          0,
          null,
          0,
          null,
          0,
          0,
          0,
          0,
          null,
          0,
          null,
          0,
          0,
          0,
          0,
          0,
          0,
          0,
          0,
          0,
          0,
          0,
          0,
          0,
          0,
          0,
          0,
          null,
          0,
          0,
          0,
          0,
          0,
          0,
          0,
          0,
          0,
          null,
          0,
          0,
          0,
          0,
          null,
          0,
          0,
          0,
          0,
          0,
          null,
          0,
          0,
          0,
          null,
          0,
          0,
          0,
          null,
          0,
          0,
          null,
          0,
          0,
          0,
          0
        ],
        "branches": {
        }
      }
    },
    "timestamp": 1755593364
  }
}
